<?xml version="1.0" encoding="UTF-8"?>
<!-- Generated by org.testng.reporters.JUnitXMLReporter -->
<testsuite ignored="4" hostname="LAPTOP-KOMAL" failures="0" tests="1" name="Default test" time="19.589" errors="0" timestamp="2023-01-30T21:52:05 ICT">
  <testcase classname="testGuru2.TestClass1" name="compareTwoProducts1" time="9.869"/>
  <testcase classname="testGuru2.TestClass1" name="verifyProductPriceFromDetailPage" time="0.0">
    <ignored/>
  </testcase> <!-- verifyProductPriceFromDetailPage -->
  <testcase classname="testGuru2.TestClass1" name="verifyTitle" time="0.0">
    <ignored/>
  </testcase> <!-- verifyTitle -->
  <testcase classname="testGuru2.TestClass1" name="verifyErrorMsg" time="0.0">
    <ignored/>
  </testcase> <!-- verifyErrorMsg -->
  <testcase classname="testGuru2.TestClass1" name="verifyCreateECommerceAct" time="0.0">
    <ignored/>
  </testcase> <!-- verifyCreateECommerceAct -->
</testsuite> <!-- Default test -->
