<?xml version="1.0" encoding="UTF-8"?>
<!-- Generated by org.testng.reporters.JUnitXMLReporter -->
<testsuite ignored="0" hostname="LAPTOP-KOMAL" failures="0" tests="5" name="Test" time="67.442" errors="0" timestamp="2023-01-30T21:55:18 ICT">
  <testcase classname="testGuru2.TestClass1" name="compareTwoProducts1" time="9.302"/>
  <testcase classname="testGuru2.TestClass1" name="verifyCreateECommerceAct" time="10.44"/>
  <testcase classname="testGuru2.TestClass1" name="verifyErrorMsg" time="5.209"/>
  <testcase classname="testGuru2.TestClass1" name="verifyProductPriceFromDetailPage" time="3.073"/>
  <testcase classname="testGuru2.TestClass1" name="verifyTitle" time="3.502"/>
</testsuite> <!-- Test -->
